# JRE version: Java(TM) SE Runtime Environment (8.0_25-b17) (build 1.8.0_25-b17)
# Java VM: Java HotSpot(TM) 64-Bit Server VM (25.25-b02 mixed mode bsd-amd64 compressed oops)
Heap:
 par new generation   total 613440K, used 613439K [0x0000000680000000, 0x00000006a9990000, 0x00000006a9990000)
  eden space 545344K, 100% used [0x0000000680000000, 0x00000006a1490000, 0x00000006a1490000)
  from space 68096K,  99% used [0x00000006a5710000, 0x00000006a998ff38, 0x00000006a9990000)
  to   space 68096K,   0% used [0x00000006a1490000, 0x00000006a1490000, 0x00000006a5710000)
 concurrent mark-sweep generation total 4561344K, used 4561343K [0x00000006a9990000, 0x00000007c0000000, 0x00000007c0000000)
 Metaspace       used 16314K, capacity 16600K, committed 16768K, reserved 1064960K
  class space    used 2053K, capacity 2140K, committed 2176K, reserved 1048576K
GC Heap History (10 events):
Event: 28025.716 GC heap after
Heap after GC invocations=6781 (full 999):
 par new generation   total 613440K, used 613439K [0x0000000680000000, 0x00000006a9990000, 0x00000006a9990000)
  eden space 545344K, 100% used [0x0000000680000000, 0x00000006a1490000, 0x00000006a1490000)
  from space 68096K,  99% used [0x00000006a5710000, 0x00000006a998fcc0, 0x00000006a9990000)
  to   space 68096K,   0% used [0x00000006a1490000, 0x00000006a1490000, 0x00000006a5710000)
 concurrent mark-sweep generation total 4561344K, used 4561343K [0x00000006a9990000, 0x00000007c0000000, 0x00000007c0000000)
 Metaspace       used 16313K, capacity 16600K, committed 16768K, reserved 1064960K
  class space    used 2053K, capacity 2140K, committed 2176K, reserved 1048576K
}
Event: 28025.992 GC heap before
{Heap before GC invocations=6781 (full 1000):
 par new generation   total 613440K, used 613439K [0x0000000680000000, 0x00000006a9990000, 0x00000006a9990000)
  eden space 545344K, 100% used [0x0000000680000000, 0x00000006a1490000, 0x00000006a1490000)
  from space 68096K,  99% used [0x00000006a5710000, 0x00000006a998ffc0, 0x00000006a9990000)
  to   space 68096K,   0% used [0x00000006a1490000, 0x00000006a1490000, 0x00000006a5710000)
 concurrent mark-sweep generation total 4561344K, used 4561343K [0x00000006a9990000, 0x00000007c0000000, 0x00000007c0000000)
 Metaspace       used 16313K, capacity 16600K, committed 16768K, reserved 1064960K
  class space    used 2053K, capacity 2140K, committed 2176K, reserved 1048576K
Event: 28062.628 GC heap after
Heap after GC invocations=6782 (full 1001):
 par new generation   total 613440K, used 613439K [0x0000000680000000, 0x00000006a9990000, 0x00000006a9990000)
  eden space 545344K, 100% used [0x0000000680000000, 0x00000006a1490000, 0x00000006a1490000)
  from space 68096K,  99% used [0x00000006a5710000, 0x00000006a998fe00, 0x00000006a9990000)
  to   space 68096K,   0% used [0x00000006a1490000, 0x00000006a1490000, 0x00000006a5710000)
 concurrent mark-sweep generation total 4561344K, used 4561343K [0x00000006a9990000, 0x00000007c0000000, 0x00000007c0000000)
 Metaspace       used 16313K, capacity 16600K, committed 16768K, reserved 1064960K
  class space    used 2053K, capacity 2140K, committed 2176K, reserved 1048576K
}
Event: 28062.630 GC heap before
{Heap before GC invocations=6782 (full 1001):
 par new generation   total 613440K, used 613439K [0x0000000680000000, 0x00000006a9990000, 0x00000006a9990000)
  eden space 545344K, 100% used [0x0000000680000000, 0x00000006a1490000, 0x00000006a1490000)
  from space 68096K,  99% used [0x00000006a5710000, 0x00000006a998ff08, 0x00000006a9990000)
  to   space 68096K,   0% used [0x00000006a1490000, 0x00000006a1490000, 0x00000006a5710000)
 concurrent mark-sweep generation total 4561344K, used 4561343K [0x00000006a9990000, 0x00000007c0000000, 0x00000007c0000000)
 Metaspace       used 16313K, capacity 16600K, committed 16768K, reserved 1064960K
  class space    used 2053K, capacity 2140K, committed 2176K, reserved 1048576K
Event: 28080.369 GC heap after
Heap after GC invocations=6783 (full 1002):
 par new generation   total 613440K, used 613439K [0x0000000680000000, 0x00000006a9990000, 0x00000006a9990000)
  eden space 545344K, 100% used [0x0000000680000000, 0x00000006a1490000, 0x00000006a1490000)
  from space 68096K,  99% used [0x00000006a5710000, 0x00000006a998fea8, 0x00000006a9990000)
  to   space 68096K,   0% used [0x00000006a1490000, 0x00000006a1490000, 0x00000006a5710000)
 concurrent mark-sweep generation total 4561344K, used 4561343K [0x00000006a9990000, 0x00000007c0000000, 0x00000007c0000000)
 Metaspace       used 16313K, capacity 16600K, committed 16768K, reserved 1064960K
  class space    used 2053K, capacity 2140K, committed 2176K, reserved 1048576K
}
Event: 28080.638 GC heap before
{Heap before GC invocations=6783 (full 1003):
 par new generation   total 613440K, used 613439K [0x0000000680000000, 0x00000006a9990000, 0x00000006a9990000)
  eden space 545344K, 100% used [0x0000000680000000, 0x00000006a1490000, 0x00000006a1490000)
  from space 68096K,  99% used [0x00000006a5710000, 0x00000006a998fff0, 0x00000006a9990000)
  to   space 68096K,   0% used [0x00000006a1490000, 0x00000006a1490000, 0x00000006a5710000)
 concurrent mark-sweep generation total 4561344K, used 4561343K [0x00000006a9990000, 0x00000007c0000000, 0x00000007c0000000)
 Metaspace       used 16313K, capacity 16600K, committed 16768K, reserved 1064960K
  class space    used 2053K, capacity 2140K, committed 2176K, reserved 1048576K
Event: 28102.882 GC heap after
Heap after GC invocations=6784 (full 1004):
 par new generation   total 613440K, used 613439K [0x0000000680000000, 0x00000006a9990000, 0x00000006a9990000)
  eden space 545344K, 100% used [0x0000000680000000, 0x00000006a1490000, 0x00000006a1490000)
  from space 68096K,  99% used [0x00000006a5710000, 0x00000006a998fec0, 0x00000006a9990000)
  to   space 68096K,   0% used [0x00000006a1490000, 0x00000006a1490000, 0x00000006a5710000)
 concurrent mark-sweep generation total 4561344K, used 4561343K [0x00000006a9990000, 0x00000007c0000000, 0x00000007c0000000)
 Metaspace       used 16313K, capacity 16600K, committed 16768K, reserved 1064960K
  class space    used 2053K, capacity 2140K, committed 2176K, reserved 1048576K
}
Event: 28102.914 GC heap before
{Heap before GC invocations=6784 (full 1004):
 par new generation   total 613440K, used 613439K [0x0000000680000000, 0x00000006a9990000, 0x00000006a9990000)
  eden space 545344K, 100% used [0x0000000680000000, 0x00000006a1490000, 0x00000006a1490000)
  from space 68096K,  99% used [0x00000006a5710000, 0x00000006a998ffe0, 0x00000006a9990000)
  to   space 68096K,   0% used [0x00000006a1490000, 0x00000006a1490000, 0x00000006a5710000)
 concurrent mark-sweep generation total 4561344K, used 4561343K [0x00000006a9990000, 0x00000007c0000000, 0x00000007c0000000)
 Metaspace       used 16314K, capacity 16600K, committed 16768K, reserved 1064960K
  class space    used 2053K, capacity 2140K, committed 2176K, reserved 1048576K
Event: 28119.368 GC heap after
Heap after GC invocations=6785 (full 1005):
 par new generation   total 613440K, used 613439K [0x0000000680000000, 0x00000006a9990000, 0x00000006a9990000)
  eden space 545344K, 100% used [0x0000000680000000, 0x00000006a1490000, 0x00000006a1490000)
  from space 68096K,  99% used [0x00000006a5710000, 0x00000006a998fe68, 0x00000006a9990000)
  to   space 68096K,   0% used [0x00000006a1490000, 0x00000006a1490000, 0x00000006a5710000)
 concurrent mark-sweep generation total 4561344K, used 4561343K [0x00000006a9990000, 0x00000007c0000000, 0x00000007c0000000)
 Metaspace       used 16314K, capacity 16600K, committed 16768K, reserved 1064960K
  class space    used 2053K, capacity 2140K, committed 2176K, reserved 1048576K
}
Event: 28119.624 GC heap before
{Heap before GC invocations=6785 (full 1006):
 par new generation   total 613440K, used 613439K [0x0000000680000000, 0x00000006a9990000, 0x00000006a9990000)
  eden space 545344K, 100% used [0x0000000680000000, 0x00000006a1490000, 0x00000006a1490000)
  from space 68096K,  99% used [0x00000006a5710000, 0x00000006a998ff38, 0x00000006a9990000)
  to   space 68096K,   0% used [0x00000006a1490000, 0x00000006a1490000, 0x00000006a5710000)
 concurrent mark-sweep generation total 4561344K, used 4561343K [0x00000006a9990000, 0x00000007c0000000, 0x00000007c0000000)
 Metaspace       used 16314K, capacity 16600K, committed 16768K, reserved 1064960K
  class space    used 2053K, capacity 2140K, committed 2176K, reserved 1048576K

