# JRE version: Java(TM) SE Runtime Environment (8.0_25-b17) (build 1.8.0_25-b17)
# Java VM: Java HotSpot(TM) 64-Bit Server VM (25.25-b02 mixed mode bsd-amd64 compressed oops)
Heap:
 PSYoungGen      total 55296K, used 12833K [0x0000000755580000, 0x000000075bb00000, 0x00000007c0000000)
  eden space 12800K, 43% used [0x0000000755580000,0x0000000755af8730,0x0000000756200000)
  from space 42496K, 17% used [0x0000000759180000,0x0000000759890000,0x000000075bb00000)
  to   space 45568K, 0% used [0x0000000756200000,0x0000000756200000,0x0000000758e80000)
 ParOldGen       total 390144K, used 121749K [0x0000000680000000, 0x0000000697d00000, 0x0000000755580000)
  object space 390144K, 31% used [0x0000000680000000,0x00000006876e5718,0x0000000697d00000)
 Metaspace       used 14728K, capacity 14958K, committed 15232K, reserved 1062912K
  class space    used 1839K, capacity 1887K, committed 1920K, reserved 1048576K
GC Heap History (10 events):
Event: 23371.119 GC heap before
{Heap before GC invocations=376 (full 18):
 PSYoungGen      total 13312K, used 12914K [0x0000000755580000, 0x000000075d780000, 0x00000007c0000000)
  eden space 7680K, 100% used [0x0000000755580000,0x0000000755d00000,0x0000000755d00000)
  from space 5632K, 92% used [0x0000000755d00000,0x000000075621ca70,0x0000000756280000)
  to   space 61952K, 0% used [0x0000000759b00000,0x0000000759b00000,0x000000075d780000)
 ParOldGen       total 1370624K, used 1338543K [0x0000000680000000, 0x00000006d3a80000, 0x0000000755580000)
  object space 1370624K, 97% used [0x0000000680000000,0x00000006d1b2be30,0x00000006d3a80000)
 Metaspace       used 14728K, capacity 14958K, committed 15232K, reserved 1062912K
  class space    used 1839K, capacity 1887K, committed 1920K, reserved 1048576K
Event: 23371.139 GC heap after
Heap after GC invocations=376 (full 18):
 PSYoungGen      total 64000K, used 5211K [0x0000000755580000, 0x000000075d080000, 0x00000007c0000000)
  eden space 9216K, 0% used [0x0000000755580000,0x0000000755580000,0x0000000755e80000)
  from space 54784K, 9% used [0x0000000759b00000,0x000000075a016e18,0x000000075d080000)
  to   space 58368K, 0% used [0x0000000755e80000,0x0000000755e80000,0x0000000759780000)
 ParOldGen       total 1370624K, used 1343392K [0x0000000680000000, 0x00000006d3a80000, 0x0000000755580000)
  object space 1370624K, 98% used [0x0000000680000000,0x00000006d1fe8088,0x00000006d3a80000)
 Metaspace       used 14728K, capacity 14958K, committed 15232K, reserved 1062912K
  class space    used 1839K, capacity 1887K, committed 1920K, reserved 1048576K
}
Event: 23371.545 GC heap before
{Heap before GC invocations=377 (full 18):
 PSYoungGen      total 64000K, used 14427K [0x0000000755580000, 0x000000075d080000, 0x00000007c0000000)
  eden space 9216K, 100% used [0x0000000755580000,0x0000000755e80000,0x0000000755e80000)
  from space 54784K, 9% used [0x0000000759b00000,0x000000075a016e18,0x000000075d080000)
  to   space 58368K, 0% used [0x0000000755e80000,0x0000000755e80000,0x0000000759780000)
 ParOldGen       total 1370624K, used 1343392K [0x0000000680000000, 0x00000006d3a80000, 0x0000000755580000)
  object space 1370624K, 98% used [0x0000000680000000,0x00000006d1fe8088,0x00000006d3a80000)
 Metaspace       used 14728K, capacity 14958K, committed 15232K, reserved 1062912K
  class space    used 1839K, capacity 1887K, committed 1920K, reserved 1048576K
Event: 23371.563 GC heap after
Heap after GC invocations=377 (full 18):
 PSYoungGen      total 15360K, used 6130K [0x0000000755580000, 0x000000075cb80000, 0x00000007c0000000)
  eden space 9216K, 0% used [0x0000000755580000,0x0000000755580000,0x0000000755e80000)
  from space 6144K, 99% used [0x0000000755e80000,0x000000075647c810,0x0000000756480000)
  to   space 54784K, 0% used [0x0000000759600000,0x0000000759600000,0x000000075cb80000)
 ParOldGen       total 1370624K, used 1348168K [0x0000000680000000, 0x00000006d3a80000, 0x0000000755580000)
  object space 1370624K, 98% used [0x0000000680000000,0x00000006d24923a8,0x00000006d3a80000)
 Metaspace       used 14728K, capacity 14958K, committed 15232K, reserved 1062912K
  class space    used 1839K, capacity 1887K, committed 1920K, reserved 1048576K
}
Event: 23372.323 GC heap before
{Heap before GC invocations=378 (full 18):
 PSYoungGen      total 15360K, used 15346K [0x0000000755580000, 0x000000075cb80000, 0x00000007c0000000)
  eden space 9216K, 100% used [0x0000000755580000,0x0000000755e80000,0x0000000755e80000)
  from space 6144K, 99% used [0x0000000755e80000,0x000000075647c810,0x0000000756480000)
  to   space 54784K, 0% used [0x0000000759600000,0x0000000759600000,0x000000075cb80000)
 ParOldGen       total 1370624K, used 1348168K [0x0000000680000000, 0x00000006d3a80000, 0x0000000755580000)
  object space 1370624K, 98% used [0x0000000680000000,0x00000006d24923a8,0x00000006d3a80000)
 Metaspace       used 14728K, capacity 14958K, committed 15232K, reserved 1062912K
  class space    used 1839K, capacity 1887K, committed 1920K, reserved 1048576K
Event: 23372.342 GC heap after
Heap after GC invocations=378 (full 18):
 PSYoungGen      total 58880K, used 6080K [0x0000000755580000, 0x000000075c500000, 0x00000007c0000000)
  eden space 10752K, 0% used [0x0000000755580000,0x0000000755580000,0x0000000756000000)
  from space 48128K, 12% used [0x0000000759600000,0x0000000759bf0000,0x000000075c500000)
  to   space 51712K, 0% used [0x0000000756000000,0x0000000756000000,0x0000000759280000)
 ParOldGen       total 1370624K, used 1353789K [0x0000000680000000, 0x00000006d3a80000, 0x0000000755580000)
  object space 1370624K, 98% used [0x0000000680000000,0x00000006d2a0f460,0x00000006d3a80000)
 Metaspace       used 14728K, capacity 14958K, committed 15232K, reserved 1062912K
  class space    used 1839K, capacity 1887K, committed 1920K, reserved 1048576K
}
Event: 23372.734 GC heap before
{Heap before GC invocations=379 (full 18):
 PSYoungGen      total 58880K, used 16832K [0x0000000755580000, 0x000000075c500000, 0x00000007c0000000)
  eden space 10752K, 100% used [0x0000000755580000,0x0000000756000000,0x0000000756000000)
  from space 48128K, 12% used [0x0000000759600000,0x0000000759bf0000,0x000000075c500000)
  to   space 51712K, 0% used [0x0000000756000000,0x0000000756000000,0x0000000759280000)
 ParOldGen       total 1370624K, used 1353789K [0x0000000680000000, 0x00000006d3a80000, 0x0000000755580000)
  object space 1370624K, 98% used [0x0000000680000000,0x00000006d2a0f460,0x00000006d3a80000)
 Metaspace       used 14728K, capacity 14958K, committed 15232K, reserved 1062912K
  class space    used 1839K, capacity 1887K, committed 1920K, reserved 1048576K
Event: 23372.752 GC heap after
Heap after GC invocations=379 (full 18):
 PSYoungGen      total 17920K, used 7168K [0x0000000755580000, 0x000000075c100000, 0x00000007c0000000)
  eden space 10752K, 0% used [0x0000000755580000,0x0000000755580000,0x0000000756000000)
  from space 7168K, 100% used [0x0000000756000000,0x0000000756700000,0x0000000756700000)
  to   space 48640K, 0% used [0x0000000759180000,0x0000000759180000,0x000000075c100000)
 ParOldGen       total 1370624K, used 1359445K [0x0000000680000000, 0x00000006d3a80000, 0x0000000755580000)
  object space 1370624K, 99% used [0x0000000680000000,0x00000006d2f954b8,0x00000006d3a80000)
 Metaspace       used 14728K, capacity 14958K, committed 15232K, reserved 1062912K
  class space    used 1839K, capacity 1887K, committed 1920K, reserved 1048576K
}
Event: 23372.753 GC heap before
{Heap before GC invocations=380 (full 19):
 PSYoungGen      total 17920K, used 7168K [0x0000000755580000, 0x000000075c100000, 0x00000007c0000000)
  eden space 10752K, 0% used [0x0000000755580000,0x0000000755580000,0x0000000756000000)
  from space 7168K, 100% used [0x0000000756000000,0x0000000756700000,0x0000000756700000)
  to   space 48640K, 0% used [0x0000000759180000,0x0000000759180000,0x000000075c100000)
 ParOldGen       total 1370624K, used 1359445K [0x0000000680000000, 0x00000006d3a80000, 0x0000000755580000)
  object space 1370624K, 99% used [0x0000000680000000,0x00000006d2f954b8,0x00000006d3a80000)
 Metaspace       used 14728K, capacity 14958K, committed 15232K, reserved 1062912K
  class space    used 1839K, capacity 1887K, committed 1920K, reserved 1048576K
Event: 23373.184 GC heap after
Heap after GC invocations=380 (full 19):
 PSYoungGen      total 17920K, used 0K [0x0000000755580000, 0x000000075c100000, 0x00000007c0000000)
  eden space 10752K, 0% used [0x0000000755580000,0x0000000755580000,0x0000000756000000)
  from space 7168K, 0% used [0x0000000756000000,0x0000000756000000,0x0000000756700000)
  to   space 48640K, 0% used [0x0000000759180000,0x0000000759180000,0x000000075c100000)
 ParOldGen       total 390144K, used 121749K [0x0000000680000000, 0x0000000697d00000, 0x0000000755580000)
  object space 390144K, 31% used [0x0000000680000000,0x00000006876e5718,0x0000000697d00000)
 Metaspace       used 14728K, capacity 14958K, committed 15232K, reserved 1062912K
  class space    used 1839K, capacity 1887K, committed 1920K, reserved 1048576K
}

